* using log directory ‘/home/cisella/BioC/1.3/99.0/Mulcom.Rcheck’
* using R version 2.12.0 alpha (2010-09-22 r52970)
* using platform: x86_64-unknown-linux-gnu (64-bit)
* using session charset: UTF-8
* checking for file ‘Mulcom/DESCRIPTION’ ... OK
* checking extension type ... Package
* this is package ‘Mulcom’ version ‘0.99.3’
* checking package name space information ... OK
* checking package dependencies ... OK
* checking if this is a source package ... OK
* checking for executable files ... OK
* checking whether package ‘Mulcom’ can be installed ... OK
* checking package directory ... OK
* checking for portable file names ... OK
* checking for sufficient/correct file permissions ... OK
* checking DESCRIPTION meta-information ... OK
* checking top-level files ... OK
* checking index information ... OK
* checking package subdirectories ... OK
* checking R files for non-ASCII characters ... OK
* checking R files for syntax errors ... OK
* checking whether the package can be loaded ... OK
* checking whether the package can be loaded with stated dependencies ... OK
* checking whether the package can be unloaded cleanly ... OK
* checking whether the name space can be loaded with stated dependencies ... OK
* checking whether the name space can be unloaded cleanly ... OK
* checking for unstated dependencies in R code ... OK
* checking S3 generic/method consistency ... OK
* checking replacement functions ... OK
* checking foreign function calls ... OK
* checking R code for possible problems ... OK
* checking Rd files ... OK
* checking Rd metadata ... OK
* checking Rd cross-references ... OK
* checking for missing documentation entries ... WARNING
Undocumented data sets:
  Affy AffyIlmn Ilmn mulcomGeneListIlmn optimization optimizationIlmn
  limAffySymbols limIlmnSymbols mulIlmnSymbols samAffySymbols
  samIlmnSymbols
All user-level objects in a package should have documentation entries.
See the chapter 'Writing R documentation files' in manual 'Writing R
Extensions'.
* checking for code/documentation mismatches ... OK
* checking Rd \usage sections ... OK
* checking Rd contents ... OK
* checking for unstated dependencies in examples ... OK
* checking data for non-ASCII characters ... OK
* checking line endings in C/C++/Fortran sources/headers ... OK
* checking line endings in Makefiles ... OK
* checking for portable use of $BLAS_LIBS ... OK
* checking examples ... OK
* checking package vignettes in ‘inst/doc’ ... WARNING
*** Weave Errors ***
File /home/cisella/BioC/1.3/99.0/Mulcom.Rcheck/inst/doc/MulcomVignette.Rnw :
 chunk 19 (label=Intersetction) 
Error in match(AffyIlmn$Probe.y, mulcomGeneListIlmn, nomatch = 0) : 
  object 'mulcomGeneListIlmn' not found
* checking PDF version of manual ... OK
WARNING: There were 2 warnings, see
  ‘/home/cisella/BioC/1.3/99.0/Mulcom.Rcheck/00check.log’
for details
