* installing *source* package ‘Mulcom’ ...
** libs
g++ -I/usr/local/lib64/R/include  -I/usr/local/include    -fpic  -g -O2 -c my_first_mulcom_15_little.cc -o my_first_mulcom_15_little.o
g++ -shared -L/usr/local/lib64 -o Mulcom.so my_first_mulcom_15_little.o
installing to /home/cisella/BioC/1.3/99.0/Mulcom.Rcheck/Mulcom/libs
** R
** data
** inst
** preparing package for lazy loading
Loading required package: spam
Package 'spam' is loaded. Spam version 0.23-0 (2010-09-01).
Type demo( spam) for some demos, help( Spam) for an overview
of this package.
Help for individual functions is optained by adding the
suffix '.spam' to the function name, e.g. 'help(chol.spam)'.

Attaching package: 'spam'

The following object(s) are masked from 'package:base':

    backsolve, forwardsolve, norm

 Use help(fields) for an overview of this library

library( fields, keep.source=TRUE) retains comments in the source code. 

Welcome to Bioconductor

  Vignettes contain introductory material. To view, type
  'openVignette()'. To cite Bioconductor, see
  'citation("Biobase")' and for packages 'citation(pkgname)'.

** help
*** installing help indices
** building package indices ...
** testing if installed package can be loaded

* DONE (Mulcom)
