Hmm ... looks like a package

This is pdfTeX, Version 3.1415926-1.40.10 (TeX Live 2009/Debian)
 restricted \write18 enabled.
entering extended mode
LaTeX2e <2009/09/24>
Babel <v3.8l> and hyphenation patterns for english, usenglishmax, dumylang, noh
yphenation, loaded.
(./Rd2.tex
(/usr/share/texmf-texlive/tex/latex/base/book.cls
Document Class: book 2007/10/19 v1.4h Standard LaTeX document class
(/usr/share/texmf-texlive/tex/latex/base/bk10.clo))
(/usr/local/lib64/R/share/texmf/tex/latex/Rd.sty
(/usr/share/texmf-texlive/tex/latex/base/ifthen.sty)
(/usr/share/texmf-texlive/tex/latex/tools/longtable.sty)
(/usr/share/texmf-texlive/tex/latex/tools/bm.sty)
(/usr/share/texmf-texlive/tex/latex/base/alltt.sty)
(/usr/share/texmf-texlive/tex/latex/tools/verbatim.sty)
(/usr/share/texmf-texlive/tex/latex/ltxmisc/url.sty)
(/usr/local/lib64/R/share/texmf/tex/latex/upquote.sty
(/usr/share/texmf-texlive/tex/latex/base/textcomp.sty
(/usr/share/texmf-texlive/tex/latex/base/ts1enc.def))) NOT loading ae
(/usr/share/texmf-texlive/tex/latex/base/fontenc.sty
(/usr/share/texmf-texlive/tex/latex/base/t1enc.def))
(/usr/share/texmf-texlive/tex/latex/psnfss/times.sty) NOT loading lmodern
(/usr/share/texmf-texlive/tex/latex/graphics/color.sty
(/etc/texmf/tex/latex/config/color.cfg)
(/usr/share/texmf-texlive/tex/latex/pdftex-def/pdftex.def))
(/usr/share/texmf-texlive/tex/latex/hyperref/hyperref.sty
(/usr/share/texmf-texlive/tex/latex/graphics/keyval.sty)
(/usr/share/texmf-texlive/tex/generic/oberdiek/ifpdf.sty)
(/usr/share/texmf-texlive/tex/generic/oberdiek/ifvtex.sty)
(/usr/share/texmf-texlive/tex/generic/ifxetex/ifxetex.sty)
(/usr/share/texmf-texlive/tex/latex/oberdiek/hycolor.sty
(/usr/share/texmf-texlive/tex/latex/oberdiek/xcolor-patch.sty))
(/usr/share/texmf-texlive/tex/latex/hyperref/pd1enc.def)
(/usr/share/texmf-texlive/tex/generic/oberdiek/etexcmds.sty
(/usr/share/texmf-texlive/tex/generic/oberdiek/infwarerr.sty))
(/etc/texmf/tex/latex/config/hyperref.cfg)
(/usr/share/texmf-texlive/tex/latex/oberdiek/kvoptions.sty
(/usr/share/texmf-texlive/tex/generic/oberdiek/kvsetkeys.sty))
Implicit mode ON; LaTeX internals redefined
(/usr/share/texmf-texlive/tex/generic/oberdiek/bitset.sty
(/usr/share/texmf-texlive/tex/generic/oberdiek/intcalc.sty)
(/usr/share/texmf-texlive/tex/generic/oberdiek/bigintcalc.sty
(/usr/share/texmf-texlive/tex/generic/oberdiek/pdftexcmds.sty
(/usr/share/texmf-texlive/tex/generic/oberdiek/ifluatex.sty)
(/usr/share/texmf-texlive/tex/generic/oberdiek/ltxcmds.sty))))
(/usr/share/texmf-texlive/tex/generic/oberdiek/atbegshi.sty))
*hyperref using default driver hpdftex*
(/usr/share/texmf-texlive/tex/latex/hyperref/hpdftex.def)

Package hyperref Warning: Option `hyperindex' has already been used,
(hyperref)                setting the option has no effect on input line 332.


Package hyperref Warning: Option `pagebackref' has already been used,
(hyperref)                setting the option has no effect on input line 332.

) (/usr/share/texmf-texlive/tex/latex/base/makeidx.sty)
(/usr/share/texmf-texlive/tex/latex/base/inputenc.sty
(/usr/share/texmf-texlive/tex/latex/base/utf8.def
(/usr/share/texmf-texlive/tex/latex/base/t1enc.dfu)
(/usr/share/texmf-texlive/tex/latex/base/ot1enc.dfu)
(/usr/share/texmf-texlive/tex/latex/base/omsenc.dfu)
(/usr/share/texmf-texlive/tex/latex/base/ts1enc.dfu))
(/usr/share/texmf-texlive/tex/latex/base/latin1.def))
Writing index file Rd2.idx
No file Rd2.aux.
(/usr/share/texmf-texlive/tex/latex/base/ts1cmr.fd)
(/usr/share/texmf-texlive/tex/latex/psnfss/t1ptm.fd)
(/usr/share/texmf-texlive/tex/context/base/supp-pdf.mkii
[Loading MPS to PDF converter (version 2006.09.02).]
) (/usr/share/texmf-texlive/tex/latex/hyperref/nameref.sty
(/usr/share/texmf-texlive/tex/latex/oberdiek/refcount.sty))
(/usr/share/texmf-texlive/tex/latex/psnfss/t1pcr.fd)
(/usr/share/texmf-texlive/tex/latex/psnfss/t1phv.fd)
(/usr/share/texmf-texlive/tex/latex/base/utf8.def) [1{/var/lib/texmf/fonts/map/
pdftex/updmap/pdftex.map}] (/usr/share/texmf-texlive/tex/latex/base/utf8.def)
[2] (/usr/share/texmf-texlive/tex/latex/base/utf8.def) [3]
(/usr/share/texmf-texlive/tex/latex/base/utf8.def)
(/usr/share/texmf-texlive/tex/latex/base/utf8.def) [4]
(/usr/share/texmf-texlive/tex/latex/base/utf8.def) [5]
(/usr/share/texmf-texlive/tex/latex/base/utf8.def) [6]
(/usr/share/texmf-texlive/tex/latex/base/utf8.def)
(/usr/share/texmf-texlive/tex/latex/base/utf8.def) [7]
(/usr/share/texmf-texlive/tex/latex/base/utf8.def) [8]
(/usr/share/texmf-texlive/tex/latex/base/utf8.def) [9]
(/usr/share/texmf-texlive/tex/latex/base/utf8.def) [10]
Overfull \hbox (9.78043pt too wide) in paragraph at lines 536--536
 []   \T1/pcr/m/n/9 mulcom_opt <- mulOpt(mulcom_perm, vm=seq(0.1, 0.5, 0.1), vt
=seq(1, 3,1))[] 
(/usr/share/texmf-texlive/tex/latex/base/utf8.def)
Overfull \hbox (9.78043pt too wide) in paragraph at lines 584--584
 []   \T1/pcr/m/n/9 mulcom_opt <- mulOpt(mulcom_perm, vm=seq(0.1, 0.5, 0.1), vt
=seq(1, 3,1))[] 
(/usr/share/texmf-texlive/tex/latex/base/utf8.def) [11]
(/usr/share/texmf-texlive/tex/latex/base/utf8.def) [12]
(/usr/share/texmf-texlive/tex/latex/base/utf8.def) [13]
(/usr/share/texmf-texlive/tex/latex/base/utf8.def)
No file Rd2.ind.
[14] (./Rd2.aux) )
(see the transcript file for additional information)pdfTeX warning (dest): name
{Rfn.AffyBatch} has been referenced but does not exist, replaced by a fixed one


{/usr/share/texmf-texlive/fonts/enc/dvips/base/8r.enc}</usr/share/texmf-texlive
/fonts/type1/urw/courier/ucrr8a.pfb></usr/share/texmf-texlive/fonts/type1/urw/h
elvetic/uhvr8a.pfb></usr/share/texmf-texlive/fonts/type1/urw/times/utmb8a.pfb><
/usr/share/texmf-texlive/fonts/type1/urw/times/utmr8a.pfb></usr/share/texmf-tex
live/fonts/type1/urw/times/utmr8a.pfb></usr/share/texmf-texlive/fonts/type1/urw
/times/utmri8a.pfb>
Output written on Rd2.pdf (14 pages, 116638 bytes).
Transcript written on Rd2.log.
This is makeindex, version 2.15 [TeX Live 2009] (kpathsea + Thai support).
Scanning input file Rd2.idx....done (43 entries accepted, 0 rejected).
Sorting entries....done (232 comparisons).
Generating output file Rd2.ind....done (64 lines written, 0 warnings).
Output written in Rd2.ind.
Transcript written in Rd2.ilg.
This is pdfTeX, Version 3.1415926-1.40.10 (TeX Live 2009/Debian)
 restricted \write18 enabled.
entering extended mode
LaTeX2e <2009/09/24>
Babel <v3.8l> and hyphenation patterns for english, usenglishmax, dumylang, noh
yphenation, loaded.
(./Rd2.tex
(/usr/share/texmf-texlive/tex/latex/base/book.cls
Document Class: book 2007/10/19 v1.4h Standard LaTeX document class
(/usr/share/texmf-texlive/tex/latex/base/bk10.clo))
(/usr/local/lib64/R/share/texmf/tex/latex/Rd.sty
(/usr/share/texmf-texlive/tex/latex/base/ifthen.sty)
(/usr/share/texmf-texlive/tex/latex/tools/longtable.sty)
(/usr/share/texmf-texlive/tex/latex/tools/bm.sty)
(/usr/share/texmf-texlive/tex/latex/base/alltt.sty)
(/usr/share/texmf-texlive/tex/latex/tools/verbatim.sty)
(/usr/share/texmf-texlive/tex/latex/ltxmisc/url.sty)
(/usr/local/lib64/R/share/texmf/tex/latex/upquote.sty
(/usr/share/texmf-texlive/tex/latex/base/textcomp.sty
(/usr/share/texmf-texlive/tex/latex/base/ts1enc.def))) NOT loading ae
(/usr/share/texmf-texlive/tex/latex/base/fontenc.sty
(/usr/share/texmf-texlive/tex/latex/base/t1enc.def))
(/usr/share/texmf-texlive/tex/latex/psnfss/times.sty) NOT loading lmodern
(/usr/share/texmf-texlive/tex/latex/graphics/color.sty
(/etc/texmf/tex/latex/config/color.cfg)
(/usr/share/texmf-texlive/tex/latex/pdftex-def/pdftex.def))
(/usr/share/texmf-texlive/tex/latex/hyperref/hyperref.sty
(/usr/share/texmf-texlive/tex/latex/graphics/keyval.sty)
(/usr/share/texmf-texlive/tex/generic/oberdiek/ifpdf.sty)
(/usr/share/texmf-texlive/tex/generic/oberdiek/ifvtex.sty)
(/usr/share/texmf-texlive/tex/generic/ifxetex/ifxetex.sty)
(/usr/share/texmf-texlive/tex/latex/oberdiek/hycolor.sty
(/usr/share/texmf-texlive/tex/latex/oberdiek/xcolor-patch.sty))
(/usr/share/texmf-texlive/tex/latex/hyperref/pd1enc.def)
(/usr/share/texmf-texlive/tex/generic/oberdiek/etexcmds.sty
(/usr/share/texmf-texlive/tex/generic/oberdiek/infwarerr.sty))
(/etc/texmf/tex/latex/config/hyperref.cfg)
(/usr/share/texmf-texlive/tex/latex/oberdiek/kvoptions.sty
(/usr/share/texmf-texlive/tex/generic/oberdiek/kvsetkeys.sty))
Implicit mode ON; LaTeX internals redefined
(/usr/share/texmf-texlive/tex/generic/oberdiek/bitset.sty
(/usr/share/texmf-texlive/tex/generic/oberdiek/intcalc.sty)
(/usr/share/texmf-texlive/tex/generic/oberdiek/bigintcalc.sty
(/usr/share/texmf-texlive/tex/generic/oberdiek/pdftexcmds.sty
(/usr/share/texmf-texlive/tex/generic/oberdiek/ifluatex.sty)
(/usr/share/texmf-texlive/tex/generic/oberdiek/ltxcmds.sty))))
(/usr/share/texmf-texlive/tex/generic/oberdiek/atbegshi.sty))
*hyperref using default driver hpdftex*
(/usr/share/texmf-texlive/tex/latex/hyperref/hpdftex.def)

Package hyperref Warning: Option `hyperindex' has already been used,
(hyperref)                setting the option has no effect on input line 332.


Package hyperref Warning: Option `pagebackref' has already been used,
(hyperref)                setting the option has no effect on input line 332.

) (/usr/share/texmf-texlive/tex/latex/base/makeidx.sty)
(/usr/share/texmf-texlive/tex/latex/base/inputenc.sty
(/usr/share/texmf-texlive/tex/latex/base/utf8.def
(/usr/share/texmf-texlive/tex/latex/base/t1enc.dfu)
(/usr/share/texmf-texlive/tex/latex/base/ot1enc.dfu)
(/usr/share/texmf-texlive/tex/latex/base/omsenc.dfu)
(/usr/share/texmf-texlive/tex/latex/base/ts1enc.dfu))
(/usr/share/texmf-texlive/tex/latex/base/latin1.def))
Writing index file Rd2.idx
(./Rd2.aux) (/usr/share/texmf-texlive/tex/latex/base/ts1cmr.fd)
(/usr/share/texmf-texlive/tex/latex/psnfss/t1ptm.fd)
(/usr/share/texmf-texlive/tex/context/base/supp-pdf.mkii
[Loading MPS to PDF converter (version 2006.09.02).]
) (/usr/share/texmf-texlive/tex/latex/hyperref/nameref.sty
(/usr/share/texmf-texlive/tex/latex/oberdiek/refcount.sty)) (./Rd2.out)
(./Rd2.out) (/usr/share/texmf-texlive/tex/latex/psnfss/t1pcr.fd)
(/usr/share/texmf-texlive/tex/latex/psnfss/t1phv.fd) (./Rd2.toc [1{/var/lib/tex
mf/fonts/map/pdftex/updmap/pdftex.map}])
(/usr/share/texmf-texlive/tex/latex/base/utf8.def)
(/usr/share/texmf-texlive/tex/latex/base/utf8.def) [2]
(/usr/share/texmf-texlive/tex/latex/base/utf8.def) [3]
(/usr/share/texmf-texlive/tex/latex/base/utf8.def) [4]
(/usr/share/texmf-texlive/tex/latex/base/utf8.def)
(/usr/share/texmf-texlive/tex/latex/base/utf8.def) [5]
(/usr/share/texmf-texlive/tex/latex/base/utf8.def) [6]
(/usr/share/texmf-texlive/tex/latex/base/utf8.def) [7]
(/usr/share/texmf-texlive/tex/latex/base/utf8.def) [8]
(/usr/share/texmf-texlive/tex/latex/base/utf8.def) [9]
(/usr/share/texmf-texlive/tex/latex/base/utf8.def)
(/usr/share/texmf-texlive/tex/latex/base/utf8.def) [10]
Overfull \hbox (9.78043pt too wide) in paragraph at lines 536--536
 []   \T1/pcr/m/n/9 mulcom_opt <- mulOpt(mulcom_perm, vm=seq(0.1, 0.5, 0.1), vt
=seq(1, 3,1))[] 
(/usr/share/texmf-texlive/tex/latex/base/utf8.def) [11]
Overfull \hbox (9.78043pt too wide) in paragraph at lines 584--584
 []   \T1/pcr/m/n/9 mulcom_opt <- mulOpt(mulcom_perm, vm=seq(0.1, 0.5, 0.1), vt
=seq(1, 3,1))[] 
(/usr/share/texmf-texlive/tex/latex/base/utf8.def) [12]
(/usr/share/texmf-texlive/tex/latex/base/utf8.def) [13]
(/usr/share/texmf-texlive/tex/latex/base/utf8.def) [14]
(/usr/share/texmf-texlive/tex/latex/base/utf8.def) (./Rd2.ind [15] [16])
(./Rd2.aux) )
(see the transcript file for additional information)pdfTeX warning (dest): name
{Rfn.AffyBatch} has been referenced but does not exist, replaced by a fixed one


{/usr/share/texmf-texlive/fonts/enc/dvips/base/8r.enc}</usr/share/texmf-texlive
/fonts/type1/public/amsfonts/cm/cmsy10.pfb></usr/share/texmf-texlive/fonts/type
1/urw/courier/ucrr8a.pfb></usr/share/texmf-texlive/fonts/type1/urw/courier/ucrr
o8a.pfb></usr/share/texmf-texlive/fonts/type1/urw/helvetic/uhvr8a.pfb></usr/sha
re/texmf-texlive/fonts/type1/urw/times/utmb8a.pfb></usr/share/texmf-texlive/fon
ts/type1/urw/times/utmr8a.pfb></usr/share/texmf-texlive/fonts/type1/urw/times/u
tmr8a.pfb></usr/share/texmf-texlive/fonts/type1/urw/times/utmri8a.pfb>
Output written on Rd2.pdf (16 pages, 148470 bytes).
Transcript written on Rd2.log.
This is makeindex, version 2.15 [TeX Live 2009] (kpathsea + Thai support).
Scanning input file Rd2.idx....done (43 entries accepted, 0 rejected).
Sorting entries....done (232 comparisons).
Generating output file Rd2.ind....done (64 lines written, 0 warnings).
Output written in Rd2.ind.
Transcript written in Rd2.ilg.
This is pdfTeX, Version 3.1415926-1.40.10 (TeX Live 2009/Debian)
 restricted \write18 enabled.
entering extended mode
LaTeX2e <2009/09/24>
Babel <v3.8l> and hyphenation patterns for english, usenglishmax, dumylang, noh
yphenation, loaded.
(./Rd2.tex
(/usr/share/texmf-texlive/tex/latex/base/book.cls
Document Class: book 2007/10/19 v1.4h Standard LaTeX document class
(/usr/share/texmf-texlive/tex/latex/base/bk10.clo))
(/usr/local/lib64/R/share/texmf/tex/latex/Rd.sty
(/usr/share/texmf-texlive/tex/latex/base/ifthen.sty)
(/usr/share/texmf-texlive/tex/latex/tools/longtable.sty)
(/usr/share/texmf-texlive/tex/latex/tools/bm.sty)
(/usr/share/texmf-texlive/tex/latex/base/alltt.sty)
(/usr/share/texmf-texlive/tex/latex/tools/verbatim.sty)
(/usr/share/texmf-texlive/tex/latex/ltxmisc/url.sty)
(/usr/local/lib64/R/share/texmf/tex/latex/upquote.sty
(/usr/share/texmf-texlive/tex/latex/base/textcomp.sty
(/usr/share/texmf-texlive/tex/latex/base/ts1enc.def))) NOT loading ae
(/usr/share/texmf-texlive/tex/latex/base/fontenc.sty
(/usr/share/texmf-texlive/tex/latex/base/t1enc.def))
(/usr/share/texmf-texlive/tex/latex/psnfss/times.sty) NOT loading lmodern
(/usr/share/texmf-texlive/tex/latex/graphics/color.sty
(/etc/texmf/tex/latex/config/color.cfg)
(/usr/share/texmf-texlive/tex/latex/pdftex-def/pdftex.def))
(/usr/share/texmf-texlive/tex/latex/hyperref/hyperref.sty
(/usr/share/texmf-texlive/tex/latex/graphics/keyval.sty)
(/usr/share/texmf-texlive/tex/generic/oberdiek/ifpdf.sty)
(/usr/share/texmf-texlive/tex/generic/oberdiek/ifvtex.sty)
(/usr/share/texmf-texlive/tex/generic/ifxetex/ifxetex.sty)
(/usr/share/texmf-texlive/tex/latex/oberdiek/hycolor.sty
(/usr/share/texmf-texlive/tex/latex/oberdiek/xcolor-patch.sty))
(/usr/share/texmf-texlive/tex/latex/hyperref/pd1enc.def)
(/usr/share/texmf-texlive/tex/generic/oberdiek/etexcmds.sty
(/usr/share/texmf-texlive/tex/generic/oberdiek/infwarerr.sty))
(/etc/texmf/tex/latex/config/hyperref.cfg)
(/usr/share/texmf-texlive/tex/latex/oberdiek/kvoptions.sty
(/usr/share/texmf-texlive/tex/generic/oberdiek/kvsetkeys.sty))
Implicit mode ON; LaTeX internals redefined
(/usr/share/texmf-texlive/tex/generic/oberdiek/bitset.sty
(/usr/share/texmf-texlive/tex/generic/oberdiek/intcalc.sty)
(/usr/share/texmf-texlive/tex/generic/oberdiek/bigintcalc.sty
(/usr/share/texmf-texlive/tex/generic/oberdiek/pdftexcmds.sty
(/usr/share/texmf-texlive/tex/generic/oberdiek/ifluatex.sty)
(/usr/share/texmf-texlive/tex/generic/oberdiek/ltxcmds.sty))))
(/usr/share/texmf-texlive/tex/generic/oberdiek/atbegshi.sty))
*hyperref using default driver hpdftex*
(/usr/share/texmf-texlive/tex/latex/hyperref/hpdftex.def)

Package hyperref Warning: Option `hyperindex' has already been used,
(hyperref)                setting the option has no effect on input line 332.


Package hyperref Warning: Option `pagebackref' has already been used,
(hyperref)                setting the option has no effect on input line 332.

) (/usr/share/texmf-texlive/tex/latex/base/makeidx.sty)
(/usr/share/texmf-texlive/tex/latex/base/inputenc.sty
(/usr/share/texmf-texlive/tex/latex/base/utf8.def
(/usr/share/texmf-texlive/tex/latex/base/t1enc.dfu)
(/usr/share/texmf-texlive/tex/latex/base/ot1enc.dfu)
(/usr/share/texmf-texlive/tex/latex/base/omsenc.dfu)
(/usr/share/texmf-texlive/tex/latex/base/ts1enc.dfu))
(/usr/share/texmf-texlive/tex/latex/base/latin1.def))
Writing index file Rd2.idx
(./Rd2.aux) (/usr/share/texmf-texlive/tex/latex/base/ts1cmr.fd)
(/usr/share/texmf-texlive/tex/latex/psnfss/t1ptm.fd)
(/usr/share/texmf-texlive/tex/context/base/supp-pdf.mkii
[Loading MPS to PDF converter (version 2006.09.02).]
) (/usr/share/texmf-texlive/tex/latex/hyperref/nameref.sty
(/usr/share/texmf-texlive/tex/latex/oberdiek/refcount.sty)) (./Rd2.out)
(./Rd2.out) (/usr/share/texmf-texlive/tex/latex/psnfss/t1pcr.fd)
(/usr/share/texmf-texlive/tex/latex/psnfss/t1phv.fd) (./Rd2.toc [1{/var/lib/tex
mf/fonts/map/pdftex/updmap/pdftex.map}])
(/usr/share/texmf-texlive/tex/latex/base/utf8.def)
(/usr/share/texmf-texlive/tex/latex/base/utf8.def) [2]
(/usr/share/texmf-texlive/tex/latex/base/utf8.def) [3]
(/usr/share/texmf-texlive/tex/latex/base/utf8.def) [4]
(/usr/share/texmf-texlive/tex/latex/base/utf8.def)
(/usr/share/texmf-texlive/tex/latex/base/utf8.def) [5]
(/usr/share/texmf-texlive/tex/latex/base/utf8.def) [6]
(/usr/share/texmf-texlive/tex/latex/base/utf8.def) [7]
(/usr/share/texmf-texlive/tex/latex/base/utf8.def) [8]
(/usr/share/texmf-texlive/tex/latex/base/utf8.def) [9]
(/usr/share/texmf-texlive/tex/latex/base/utf8.def)
(/usr/share/texmf-texlive/tex/latex/base/utf8.def) [10]
Overfull \hbox (9.78043pt too wide) in paragraph at lines 536--536
 []   \T1/pcr/m/n/9 mulcom_opt <- mulOpt(mulcom_perm, vm=seq(0.1, 0.5, 0.1), vt
=seq(1, 3,1))[] 
(/usr/share/texmf-texlive/tex/latex/base/utf8.def) [11]
Overfull \hbox (9.78043pt too wide) in paragraph at lines 584--584
 []   \T1/pcr/m/n/9 mulcom_opt <- mulOpt(mulcom_perm, vm=seq(0.1, 0.5, 0.1), vt
=seq(1, 3,1))[] 
(/usr/share/texmf-texlive/tex/latex/base/utf8.def) [12]
(/usr/share/texmf-texlive/tex/latex/base/utf8.def) [13]
(/usr/share/texmf-texlive/tex/latex/base/utf8.def) [14]
(/usr/share/texmf-texlive/tex/latex/base/utf8.def) (./Rd2.ind [15] [16])
(./Rd2.aux) )
(see the transcript file for additional information)pdfTeX warning (dest): name
{Rfn.AffyBatch} has been referenced but does not exist, replaced by a fixed one


{/usr/share/texmf-texlive/fonts/enc/dvips/base/8r.enc}</usr/share/texmf-texlive
/fonts/type1/public/amsfonts/cm/cmsy10.pfb></usr/share/texmf-texlive/fonts/type
1/urw/courier/ucrr8a.pfb></usr/share/texmf-texlive/fonts/type1/urw/courier/ucrr
o8a.pfb></usr/share/texmf-texlive/fonts/type1/urw/helvetic/uhvr8a.pfb></usr/sha
re/texmf-texlive/fonts/type1/urw/times/utmb8a.pfb></usr/share/texmf-texlive/fon
ts/type1/urw/times/utmr8a.pfb></usr/share/texmf-texlive/fonts/type1/urw/times/u
tmr8a.pfb></usr/share/texmf-texlive/fonts/type1/urw/times/utmri8a.pfb>
Output written on Rd2.pdf (16 pages, 149024 bytes).
Transcript written on Rd2.log.
Saving output to 'Mulcom-manual.pdf' ...
Done
You may want to clean up by 'rm -rf /tmp/Rtmp05VAey/Rd2pdf49d5eeeb'
